[debug] [2023-04-08T15:34:16.755Z] ----------------------------------------------------------------------
[debug] [2023-04-08T15:34:16.757Z] Command:       C:\Program Files\nodejs\node.exe C:\Users\Thanh Phuc\AppData\Roaming\npm\node_modules\firebase-tools\lib\bin\firebase.js init
[debug] [2023-04-08T15:34:16.758Z] CLI Version:   11.25.3
[debug] [2023-04-08T15:34:16.758Z] Platform:      win32
[debug] [2023-04-08T15:34:16.758Z] Node Version:  v16.17.0
[debug] [2023-04-08T15:34:16.758Z] Time:          Sat Apr 08 2023 22:34:16 GMT+0700 (Indochina Time)
[debug] [2023-04-08T15:34:16.759Z] ----------------------------------------------------------------------
[debug] 
[debug] [2023-04-08T15:34:16.767Z] > command requires scopes: ["email","openid","https://www.googleapis.com/auth/cloudplatformprojects.readonly","https://www.googleapis.com/auth/firebase","https://www.googleapis.com/auth/cloud-platform"]
[debug] [2023-04-08T15:34:16.768Z] > authorizing via signed-in user (truongtritinbee@gmail.com)
[info] 
     ######## #### ########  ######## ########     ###     ######  ########
     ##        ##  ##     ## ##       ##     ##  ##   ##  ##       ##
     ######    ##  ########  ######   ########  #########  ######  ######
     ##        ##  ##    ##  ##       ##     ## ##     ##       ## ##
     ##       #### ##     ## ######## ########  ##     ##  ######  ########

You're about to initialize a Firebase project in this directory:

  C:\Users\Thanh Phuc\Desktop\authenication -practice\authenication

[info] 
=== Project Setup
[info] 
[info] First, let's associate this project directory with a Firebase project.
[info] You can create multiple project aliases by running firebase use --add, 
[info] but for now we'll just set up a default project.
[info] 
[debug] [2023-04-08T15:36:06.973Z] > refreshing access token with scopes: []
[debug] [2023-04-08T15:36:06.975Z] >>> [apiv2][query] POST https://www.googleapis.com/oauth2/v3/token [none]
[debug] [2023-04-08T15:36:06.975Z] >>> [apiv2][body] POST https://www.googleapis.com/oauth2/v3/token [omitted]
[debug] [2023-04-08T15:36:07.385Z] <<< [apiv2][status] POST https://www.googleapis.com/oauth2/v3/token 200
[debug] [2023-04-08T15:36:07.385Z] <<< [apiv2][body] POST https://www.googleapis.com/oauth2/v3/token [omitted]
[debug] [2023-04-08T15:36:07.401Z] >>> [apiv2][query] GET https://firebase.googleapis.com/v1beta1/projects pageSize=100
[debug] [2023-04-08T15:36:08.280Z] <<< [apiv2][status] GET https://firebase.googleapis.com/v1beta1/projects 200
[debug] [2023-04-08T15:36:08.280Z] <<< [apiv2][body] GET https://firebase.googleapis.com/v1beta1/projects [omitted]
[info] i  Using project auth-development-614c0 (Auth-Development) 
[info] 
=== Hosting Setup
[info] 
[info] i  Detected a .git folder at C:\Users\Thanh Phuc 
[info] i  Authorizing with GitHub to upload your service account to a GitHub repository's secrets store. 
[info] 
[info] Visit this URL on this device to log in:
[info] https://github.com/login/oauth/authorize?client_id=89cf50f02ac6aaed3484&state=199428901&redirect_uri=http%3A%2F%2Flocalhost%3A9005&scope=read%3Auser%20repo%20public_repo
[info] 
[info] Waiting for authentication...
[debug] [2023-04-08T15:39:34.542Z] >>> [apiv2][query] POST https://github.com/login/oauth/access_token [none]
[debug] [2023-04-08T15:39:34.543Z] >>> [apiv2][body] POST https://github.com/login/oauth/access_token [stream]
[debug] [2023-04-08T15:39:35.145Z] <<< [apiv2][status] POST https://github.com/login/oauth/access_token 200
[debug] [2023-04-08T15:39:35.145Z] <<< [apiv2][body] POST https://github.com/login/oauth/access_token {"access_token":"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","token_type":"bearer","scope":"read:user,repo"}
[debug] [2023-04-08T15:39:35.151Z] >>> [apiv2][query] GET https://api.github.com/user [none]
[debug] [2023-04-08T15:39:35.728Z] <<< [apiv2][status] GET https://api.github.com/user 200
[debug] [2023-04-08T15:39:35.728Z] <<< [apiv2][body] GET https://api.github.com/user {"login":"Tritintruong114","id":113487900,"node_id":"U_kgDOBsOwHA","avatar_url":"https://avatars.githubusercontent.com/u/113487900?v=4","gravatar_id":"","url":"https://api.github.com/users/Tritintruong114","html_url":"https://github.com/Tritintruong114","followers_url":"https://api.github.com/users/Tritintruong114/followers","following_url":"https://api.github.com/users/Tritintruong114/following{/other_user}","gists_url":"https://api.github.com/users/Tritintruong114/gists{/gist_id}","starred_url":"https://api.github.com/users/Tritintruong114/starred{/owner}{/repo}","subscriptions_url":"https://api.github.com/users/Tritintruong114/subscriptions","organizations_url":"https://api.github.com/users/Tritintruong114/orgs","repos_url":"https://api.github.com/users/Tritintruong114/repos","events_url":"https://api.github.com/users/Tritintruong114/events{/privacy}","received_events_url":"https://api.github.com/users/Tritintruong114/received_events","type":"User","site_admin":false,"name":"brunotruong","company":null,"blog":"","location":null,"email":null,"hireable":null,"bio":null,"twitter_username":null,"public_repos":18,"public_gists":1,"followers":4,"following":1,"created_at":"2022-09-14T02:03:34Z","updated_at":"2023-03-08T12:53:00Z","private_gists":0,"total_private_repos":30,"owned_private_repos":30,"disk_usage":83486,"collaborators":0,"two_factor_authentication":false,"plan":{"name":"free","space":976562499,"collaborators":0,"private_repos":10000}}
[info] 
[info] +  Success! Logged into GitHub as Tritintruong114 
[info] 
[debug] [2023-04-08T15:42:26.282Z] >>> [apiv2][query] GET https://api.github.com/repos/ Tritintruong114/actions/secrets/public-key type=owner
[debug] [2023-04-08T15:42:26.284Z] >>> [apiv2][query] GET https://api.github.com/repos///actions/secrets/public-key type=owner
[debug] [2023-04-08T15:42:26.285Z] >>> [apiv2][query] GET https://api.github.com/repos/firebase-practice/actions/secrets/public-key type=owner
[debug] [2023-04-08T15:42:26.868Z] <<< [apiv2][status] GET https://api.github.com/repos/ Tritintruong114/actions/secrets/public-key 404
[debug] [2023-04-08T15:42:26.869Z] <<< [apiv2][body] GET https://api.github.com/repos/ Tritintruong114/actions/secrets/public-key {"message":"Not Found","documentation_url":"https://docs.github.com/rest"}
[info] 
[info] 
[error] !  The provided authorization cannot be used with this repository. If this repository is in an organization, did you remember to grant access? 
[info] 
[info] i  Action required: Visit this URL to ensure access has been granted to the appropriate organization(s) for the Firebase CLI GitHub OAuth App: 
[info] https://github.com/settings/connections/applications/89cf50f02ac6aaed3484
[info] 
[debug] [2023-04-08T15:42:26.874Z] <<< [apiv2][status] GET https://api.github.com/repos/firebase-practice/actions/secrets/public-key 404
[debug] [2023-04-08T15:42:26.874Z] <<< [apiv2][body] GET https://api.github.com/repos/firebase-practice/actions/secrets/public-key {"message":"Not Found","documentation_url":"https://docs.github.com/rest"}
[info] 
[info] 
[error] !  The provided authorization cannot be used with this repository. If this repository is in an organization, did you remember to grant access? 
[info] 
[info] i  Action required: Visit this URL to ensure access has been granted to the appropriate organization(s) for the Firebase CLI GitHub OAuth App: 
[info] https://github.com/settings/connections/applications/89cf50f02ac6aaed3484
[info] 
[debug] [2023-04-08T15:42:26.879Z] <<< [apiv2][status] GET https://api.github.com/repos///actions/secrets/public-key 404
[debug] [2023-04-08T15:42:26.879Z] <<< [apiv2][body] GET https://api.github.com/repos///actions/secrets/public-key {"message":"Not Found","documentation_url":"https://docs.github.com/rest"}
[info] 
[info] 
[error] !  The provided authorization cannot be used with this repository. If this repository is in an organization, did you remember to grant access? 
[info] 
[info] i  Action required: Visit this URL to ensure access has been granted to the appropriate organization(s) for the Firebase CLI GitHub OAuth App: 
[info] https://github.com/settings/connections/applications/89cf50f02ac6aaed3484
[info] 
[debug] [2023-04-08T15:42:34.033Z] >>> [apiv2][query] GET https://api.github.com/repos/ Tritintruong114firebase-practice//actions/secrets/public-key type=owner
[debug] [2023-04-08T15:42:34.525Z] <<< [apiv2][status] GET https://api.github.com/repos/ Tritintruong114firebase-practice//actions/secrets/public-key 404
[debug] [2023-04-08T15:42:34.525Z] <<< [apiv2][body] GET https://api.github.com/repos/ Tritintruong114firebase-practice//actions/secrets/public-key {"message":"Not Found","documentation_url":"https://docs.github.com/rest"}
[info] 
[info] 
[error] !  The provided authorization cannot be used with this repository. If this repository is in an organization, did you remember to grant access? 
[info] 
[info] i  Action required: Visit this URL to ensure access has been granted to the appropriate organization(s) for the Firebase CLI GitHub OAuth App: 
[info] https://github.com/settings/connections/applications/89cf50f02ac6aaed3484
[info] 
[debug] [2023-04-08T15:43:05.169Z] >>> [apiv2][query] GET https://api.github.com/repos/ Tritintruong114/firebase-practice/actions/secrets/public-key type=owner
[debug] [2023-04-08T15:43:05.641Z] <<< [apiv2][status] GET https://api.github.com/repos/ Tritintruong114/firebase-practice/actions/secrets/public-key 404
[debug] [2023-04-08T15:43:05.641Z] <<< [apiv2][body] GET https://api.github.com/repos/ Tritintruong114/firebase-practice/actions/secrets/public-key {"message":"Not Found","documentation_url":"https://docs.github.com/rest/reference/actions#get-a-repository-public-key"}
[info] 
[info] 
[error] !  The provided authorization cannot be used with this repository. If this repository is in an organization, did you remember to grant access? 
[info] 
[info] i  Action required: Visit this URL to ensure access has been granted to the appropriate organization(s) for the Firebase CLI GitHub OAuth App: 
[info] https://github.com/settings/connections/applications/89cf50f02ac6aaed3484
[info] 
[debug] [2023-04-08T15:44:48.609Z] >>> [apiv2][query] GET https://api.github.com/repos/ Tritintruong114/firebase-practice/actions/secrets/public-key type=owner
[debug] [2023-04-08T15:44:49.208Z] <<< [apiv2][status] GET https://api.github.com/repos/ Tritintruong114/firebase-practice/actions/secrets/public-key 404
[debug] [2023-04-08T15:44:49.209Z] <<< [apiv2][body] GET https://api.github.com/repos/ Tritintruong114/firebase-practice/actions/secrets/public-key {"message":"Not Found","documentation_url":"https://docs.github.com/rest/reference/actions#get-a-repository-public-key"}
[info] 
[info] 
[error] !  The provided authorization cannot be used with this repository. If this repository is in an organization, did you remember to grant access? 
[info] 
[info] i  Action required: Visit this URL to ensure access has been granted to the appropriate organization(s) for the Firebase CLI GitHub OAuth App: 
[info] https://github.com/settings/connections/applications/89cf50f02ac6aaed3484
[info] 
